2025-07-22 18:31:33,527 905523 INFO Starting highest reward-first sequencing with args: Namespace(alpha_cm=0.5, curriculum_mode='cm', eval=True, log_dir='cm_sequencing_logs', pretrained_path=None, seed=0, skip_frame=3, task='pushing', test_episodes=10, timesteps=50000, train=True, use_wandb=True)
2025-07-22 18:31:36,777 905523 INFO [PRETRAINED] Using pretrained model path: ppo_pushing_sb3/final_model.zip
2025-07-22 18:31:36,779 905523 INFO Starting with 7 interventions
2025-07-22 18:31:36,780 905523 INFO ===final evaluation===
2025-07-22 18:31:47,344 905523 INFO Final performance
2025-07-22 18:31:47,344 905523 INFO average reward: 3.394 +/- 0.000
2025-07-22 18:31:47,345 905523 INFO success rate: 1.000
2025-07-22 18:31:47,345 905523 INFO average episode length: 501.0
2025-07-22 18:31:47,345 905523 INFO initial performance: {'avg_reward': 3.393721938342554, 'reward_std': 4.440892098500626e-16, 'avg_length': 501.0, 'success_rate': 1.0, 'total_episodes': 10}
2025-07-22 18:31:47,345 905523 INFO CURRICULUM STAGE 1/7
2025-07-22 18:31:47,345 905523 INFO Remaining interventions: ['goal', 'mass', 'friction', 'visual', 'position', 'angle', 'random']
2025-07-22 18:31:47,345 905523 INFO 
Testing intervention 1/7: goal (CM score)
2025-07-22 18:31:58,159 905523 INFO testing intervention: goal
2025-07-22 18:31:58,271 905523 INFO Episode 1: reward=1.270, length=20, success=True
2025-07-22 18:31:59,293 905523 INFO Episode 2: reward=0.955, length=501, success=False
2025-07-22 18:32:00,353 905523 INFO Episode 3: reward=2.391, length=501, success=False
2025-07-22 18:32:07,474 905523 INFO Results: avg_reward=0.533, success_rate=0.100, avg_length=452.9
2025-07-22 18:32:07,477 905523 INFO 
Testing intervention 2/7: mass (CM score)
2025-07-22 18:32:13,702 905523 INFO testing intervention: mass
2025-07-22 18:32:13,833 905523 INFO Episode 1: reward=-0.245, length=33, success=True
2025-07-22 18:32:13,946 905523 INFO Episode 2: reward=-0.088, length=31, success=True
2025-07-22 18:32:14,053 905523 INFO Episode 3: reward=-0.618, length=29, success=True
2025-07-22 18:32:14,824 905523 INFO Results: avg_reward=-0.426, success_rate=1.000, avg_length=31.1
2025-07-22 18:32:14,826 905523 INFO 
Testing intervention 3/7: friction (CM score)
2025-07-22 18:32:20,968 905523 INFO testing intervention: friction
2025-07-22 18:32:21,083 905523 INFO Episode 1: reward=-0.775, length=27, success=True
2025-07-22 18:32:21,188 905523 INFO Episode 2: reward=-0.774, length=27, success=True
2025-07-22 18:32:21,291 905523 INFO Episode 3: reward=-0.774, length=27, success=True
2025-07-22 18:32:22,021 905523 INFO Results: avg_reward=-0.820, success_rate=1.000, avg_length=27.4
2025-07-22 18:32:22,023 905523 INFO 
Testing intervention 4/7: visual (CM score)
2025-07-22 18:32:29,998 905523 INFO testing intervention: visual
2025-07-22 18:32:30,118 905523 INFO Episode 1: reward=-0.773, length=27, success=True
2025-07-22 18:32:30,224 905523 INFO Episode 2: reward=-0.773, length=27, success=True
2025-07-22 18:32:30,328 905523 INFO Episode 3: reward=-0.773, length=27, success=True
2025-07-22 18:32:31,059 905523 INFO Results: avg_reward=-0.773, success_rate=1.000, avg_length=27.0
2025-07-22 18:32:31,061 905523 INFO 
Testing intervention 5/7: position (CM score)
2025-07-22 18:32:40,135 905523 INFO testing intervention: position
2025-07-22 18:32:40,256 905523 INFO Episode 1: reward=-2.303, length=30, success=True
2025-07-22 18:32:41,313 905523 INFO Episode 2: reward=3.930, length=501, success=False
2025-07-22 18:32:42,369 905523 INFO Episode 3: reward=4.586, length=501, success=False
2025-07-22 18:32:48,400 905523 INFO Results: avg_reward=1.162, success_rate=0.200, avg_length=406.6
2025-07-22 18:32:48,402 905523 INFO 
Testing intervention 6/7: angle (CM score)
2025-07-22 18:32:55,431 905523 INFO testing intervention: angle
2025-07-22 18:32:56,464 905523 INFO Episode 1: reward=2.751, length=501, success=False
2025-07-22 18:32:57,512 905523 INFO Episode 2: reward=2.993, length=501, success=False
2025-07-22 18:32:58,529 905523 INFO Episode 3: reward=2.576, length=501, success=False
2025-07-22 18:33:05,639 905523 INFO Results: avg_reward=0.975, success_rate=0.000, avg_length=501.0
2025-07-22 18:33:05,641 905523 INFO 
Testing intervention 7/7: random (CM score)
2025-07-22 18:33:13,724 905523 INFO testing intervention: random
2025-07-22 18:33:14,765 905523 INFO Episode 1: reward=6.065, length=501, success=False
2025-07-22 18:33:15,751 905523 INFO Episode 2: reward=-0.789, length=501, success=False
2025-07-22 18:33:16,735 905523 INFO Episode 3: reward=2.712, length=501, success=False
2025-07-22 18:33:22,930 905523 INFO Results: avg_reward=1.483, success_rate=0.100, avg_length=455.2
2025-07-22 18:33:22,932 905523 INFO [Stage 1] goal         | reward=0.53 (norm 0.587) | CM=1.537 (norm 0.000) | α=0.50 → unified=0.294
2025-07-22 18:33:22,932 905523 INFO [Stage 1] mass         | reward=-0.43 (norm 0.171) | CM=1.783 (norm 0.332) | α=0.50 → unified=0.251
2025-07-22 18:33:22,933 905523 INFO [Stage 1] friction     | reward=-0.82 (norm 0.000) | CM=1.908 (norm 0.500) | α=0.50 → unified=0.250
2025-07-22 18:33:22,933 905523 INFO [Stage 1] visual       | reward=-0.77 (norm 0.020) | CM=1.634 (norm 0.130) | α=0.50 → unified=0.075
2025-07-22 18:33:22,933 905523 INFO [Stage 1] position     | reward=1.16 (norm 0.861) | CM=2.279 (norm 1.000) | α=0.50 → unified=0.930
2025-07-22 18:33:22,933 905523 INFO [Stage 1] angle        | reward=0.98 (norm 0.780) | CM=1.604 (norm 0.090) | α=0.50 → unified=0.435
2025-07-22 18:33:22,933 905523 INFO [Stage 1] random       | reward=1.48 (norm 1.000) | CM=1.690 (norm 0.206) | α=0.50 → unified=0.603
2025-07-22 18:33:22,933 905523 INFO Best intervention for stage 1: position (Unified score: 0.9303)
2025-07-22 18:33:22,933 905523 INFO === stage 1/7: training on position intervention ===
2025-07-22 18:37:48,062 905523 INFO model saved to cm_sequencing_logs/model_stage_1_position
2025-07-22 18:37:48,064 905523 INFO 
Completed stage 1. Intervention 'position' removed from list.
2025-07-22 18:37:48,064 905523 INFO Remaining interventions: 6
2025-07-22 18:37:48,064 905523 INFO CURRICULUM STAGE 2/7
2025-07-22 18:37:48,065 905523 INFO Remaining interventions: ['goal', 'mass', 'friction', 'visual', 'angle', 'random']
2025-07-22 18:37:48,065 905523 INFO 
Testing intervention 1/6: goal (CM score)
2025-07-22 18:37:58,448 905523 INFO testing intervention: goal
2025-07-22 18:37:59,408 905523 INFO Episode 1: reward=0.240, length=501, success=False
2025-07-22 18:38:00,402 905523 INFO Episode 2: reward=-0.499, length=501, success=False
2025-07-22 18:38:01,341 905523 INFO Episode 3: reward=1.800, length=501, success=False
2025-07-22 18:38:07,503 905523 INFO Results: avg_reward=0.920, success_rate=0.100, avg_length=453.0
2025-07-22 18:38:07,505 905523 INFO 
Testing intervention 2/6: mass (CM score)
2025-07-22 18:38:14,948 905523 INFO testing intervention: mass
2025-07-22 18:38:15,918 905523 INFO Episode 1: reward=4.137, length=501, success=False
2025-07-22 18:38:16,867 905523 INFO Episode 2: reward=4.556, length=501, success=False
2025-07-22 18:38:16,978 905523 INFO Episode 3: reward=0.982, length=32, success=True
2025-07-22 18:38:23,064 905523 INFO Results: avg_reward=3.573, success_rate=0.200, avg_length=407.2
2025-07-22 18:38:23,065 905523 INFO 
Testing intervention 3/6: friction (CM score)
2025-07-22 18:38:30,709 905523 INFO testing intervention: friction
2025-07-22 18:38:31,654 905523 INFO Episode 1: reward=4.698, length=501, success=False
2025-07-22 18:38:32,599 905523 INFO Episode 2: reward=4.579, length=501, success=False
2025-07-22 18:38:33,546 905523 INFO Episode 3: reward=4.582, length=501, success=False
2025-07-22 18:38:40,178 905523 INFO Results: avg_reward=4.476, success_rate=0.000, avg_length=501.0
2025-07-22 18:38:40,179 905523 INFO 
Testing intervention 4/6: visual (CM score)
2025-07-22 18:38:44,108 905523 INFO testing intervention: visual
2025-07-22 18:38:45,065 905523 INFO Episode 1: reward=4.688, length=501, success=False
2025-07-22 18:38:46,008 905523 INFO Episode 2: reward=4.688, length=501, success=False
2025-07-22 18:38:46,948 905523 INFO Episode 3: reward=4.688, length=501, success=False
2025-07-22 18:38:53,529 905523 INFO Results: avg_reward=4.688, success_rate=0.000, avg_length=501.0
2025-07-22 18:38:53,531 905523 INFO 
Testing intervention 5/6: angle (CM score)
2025-07-22 18:39:03,273 905523 INFO testing intervention: angle
2025-07-22 18:39:04,231 905523 INFO Episode 1: reward=-0.135, length=501, success=False
2025-07-22 18:39:04,336 905523 INFO Episode 2: reward=-0.134, length=28, success=True
2025-07-22 18:39:05,301 905523 INFO Episode 3: reward=4.081, length=501, success=False
2025-07-22 18:39:11,975 905523 INFO Results: avg_reward=0.748, success_rate=0.100, avg_length=453.7
2025-07-22 18:39:11,977 905523 INFO 
Testing intervention 6/6: random (CM score)
2025-07-22 18:39:22,729 905523 INFO testing intervention: random
2025-07-22 18:39:23,787 905523 INFO Episode 1: reward=-1.290, length=501, success=False
2025-07-22 18:39:24,767 905523 INFO Episode 2: reward=-0.827, length=501, success=False
2025-07-22 18:39:25,939 905523 INFO Episode 3: reward=0.819, length=501, success=False
2025-07-22 18:39:31,978 905523 INFO Results: avg_reward=1.852, success_rate=0.100, avg_length=454.0
2025-07-22 18:39:31,979 905523 INFO [Stage 2] goal         | reward=0.92 (norm 0.044) | CM=1.969 (norm 1.000) | α=0.50 → unified=0.522
2025-07-22 18:39:31,979 905523 INFO [Stage 2] mass         | reward=3.57 (norm 0.717) | CM=1.683 (norm 0.164) | α=0.50 → unified=0.441
2025-07-22 18:39:31,980 905523 INFO [Stage 2] friction     | reward=4.48 (norm 0.946) | CM=1.723 (norm 0.281) | α=0.50 → unified=0.613
2025-07-22 18:39:31,980 905523 INFO [Stage 2] visual       | reward=4.69 (norm 1.000) | CM=1.660 (norm 0.097) | α=0.50 → unified=0.548
2025-07-22 18:39:31,980 905523 INFO [Stage 2] angle        | reward=0.75 (norm 0.000) | CM=1.627 (norm 0.000) | α=0.50 → unified=0.000
2025-07-22 18:39:31,980 905523 INFO [Stage 2] random       | reward=1.85 (norm 0.280) | CM=1.688 (norm 0.179) | α=0.50 → unified=0.230
2025-07-22 18:39:31,980 905523 INFO Best intervention for stage 2: friction (Unified score: 0.6133)
2025-07-22 18:39:31,980 905523 INFO === stage 2/7: training on friction intervention ===
2025-07-22 18:44:01,668 905523 INFO model saved to cm_sequencing_logs/model_stage_2_friction
2025-07-22 18:44:01,669 905523 INFO 
Completed stage 2. Intervention 'friction' removed from list.
2025-07-22 18:44:01,669 905523 INFO Remaining interventions: 5
2025-07-22 18:44:01,670 905523 INFO CURRICULUM STAGE 3/7
2025-07-22 18:44:01,670 905523 INFO Remaining interventions: ['goal', 'mass', 'visual', 'angle', 'random']
2025-07-22 18:44:01,670 905523 INFO 
Testing intervention 1/5: goal (CM score)
2025-07-22 18:44:11,374 905523 INFO testing intervention: goal
2025-07-22 18:44:12,301 905523 INFO Episode 1: reward=2.392, length=501, success=False
2025-07-22 18:44:13,213 905523 INFO Episode 2: reward=-0.215, length=501, success=False
2025-07-22 18:44:14,134 905523 INFO Episode 3: reward=0.663, length=501, success=False
2025-07-22 18:44:19,718 905523 INFO Results: avg_reward=1.402, success_rate=0.100, avg_length=454.2
2025-07-22 18:44:19,720 905523 INFO 
Testing intervention 2/5: mass (CM score)
2025-07-22 18:44:26,431 905523 INFO testing intervention: mass
2025-07-22 18:44:27,364 905523 INFO Episode 1: reward=3.650, length=501, success=False
2025-07-22 18:44:28,283 905523 INFO Episode 2: reward=3.781, length=501, success=False
2025-07-22 18:44:29,208 905523 INFO Episode 3: reward=1.235, length=501, success=False
2025-07-22 18:44:35,656 905523 INFO Results: avg_reward=3.482, success_rate=0.000, avg_length=501.0
2025-07-22 18:44:35,658 905523 INFO 
Testing intervention 3/5: visual (CM score)
2025-07-22 18:44:43,817 905523 INFO testing intervention: visual
2025-07-22 18:44:44,735 905523 INFO Episode 1: reward=5.350, length=501, success=False
2025-07-22 18:44:45,652 905523 INFO Episode 2: reward=5.350, length=501, success=False
2025-07-22 18:44:46,552 905523 INFO Episode 3: reward=5.350, length=501, success=False
2025-07-22 18:44:52,869 905523 INFO Results: avg_reward=5.350, success_rate=0.000, avg_length=501.0
2025-07-22 18:44:52,871 905523 INFO 
Testing intervention 4/5: angle (CM score)
2025-07-22 18:45:00,683 905523 INFO testing intervention: angle
2025-07-22 18:45:01,600 905523 INFO Episode 1: reward=1.298, length=501, success=False
2025-07-22 18:45:02,506 905523 INFO Episode 2: reward=2.855, length=501, success=False
2025-07-22 18:45:03,486 905523 INFO Episode 3: reward=-0.585, length=501, success=False
2025-07-22 18:45:09,491 905523 INFO Results: avg_reward=0.530, success_rate=0.100, avg_length=454.8
2025-07-22 18:45:09,493 905523 INFO 
Testing intervention 5/5: random (CM score)
2025-07-22 18:45:19,226 905523 INFO testing intervention: random
2025-07-22 18:45:20,143 905523 INFO Episode 1: reward=2.121, length=501, success=False
2025-07-22 18:45:21,239 905523 INFO Episode 2: reward=-0.690, length=501, success=False
2025-07-22 18:45:22,178 905523 INFO Episode 3: reward=4.637, length=501, success=False
2025-07-22 18:45:29,246 905523 INFO Results: avg_reward=1.249, success_rate=0.000, avg_length=501.0
2025-07-22 18:45:29,248 905523 INFO [Stage 3] goal         | reward=1.40 (norm 0.181) | CM=1.567 (norm 0.000) | α=0.50 → unified=0.090
2025-07-22 18:45:29,248 905523 INFO [Stage 3] mass         | reward=3.48 (norm 0.612) | CM=1.758 (norm 0.468) | α=0.50 → unified=0.540
2025-07-22 18:45:29,248 905523 INFO [Stage 3] visual       | reward=5.35 (norm 1.000) | CM=1.976 (norm 1.000) | α=0.50 → unified=1.000
2025-07-22 18:45:29,249 905523 INFO [Stage 3] angle        | reward=0.53 (norm 0.000) | CM=1.625 (norm 0.142) | α=0.50 → unified=0.071
2025-07-22 18:45:29,249 905523 INFO [Stage 3] random       | reward=1.25 (norm 0.149) | CM=1.804 (norm 0.581) | α=0.50 → unified=0.365
2025-07-22 18:45:29,249 905523 INFO Best intervention for stage 3: visual (Unified score: 1.0000)
2025-07-22 18:45:29,249 905523 INFO === stage 3/7: training on visual intervention ===
2025-07-22 18:49:59,357 905523 INFO model saved to cm_sequencing_logs/model_stage_3_visual
2025-07-22 18:49:59,359 905523 INFO 
Completed stage 3. Intervention 'visual' removed from list.
2025-07-22 18:49:59,359 905523 INFO Remaining interventions: 4
2025-07-22 18:49:59,359 905523 INFO CURRICULUM STAGE 4/7
2025-07-22 18:49:59,359 905523 INFO Remaining interventions: ['goal', 'mass', 'angle', 'random']
2025-07-22 18:49:59,360 905523 INFO 
Testing intervention 1/4: goal (CM score)
2025-07-22 18:50:07,437 905523 INFO testing intervention: goal
2025-07-22 18:50:08,393 905523 INFO Episode 1: reward=0.399, length=501, success=False
2025-07-22 18:50:09,362 905523 INFO Episode 2: reward=-0.591, length=501, success=False
2025-07-22 18:50:10,329 905523 INFO Episode 3: reward=1.016, length=501, success=False
2025-07-22 18:50:16,056 905523 INFO Results: avg_reward=1.216, success_rate=0.100, avg_length=454.1
2025-07-22 18:50:16,057 905523 INFO 
Testing intervention 2/4: mass (CM score)
2025-07-22 18:50:24,385 905523 INFO testing intervention: mass
2025-07-22 18:50:24,538 905523 INFO Episode 1: reward=1.368, length=52, success=True
2025-07-22 18:50:25,484 905523 INFO Episode 2: reward=3.203, length=501, success=False
2025-07-22 18:50:26,481 905523 INFO Episode 3: reward=2.319, length=501, success=False
2025-07-22 18:50:33,338 905523 INFO Results: avg_reward=2.279, success_rate=0.100, avg_length=456.1
2025-07-22 18:50:33,340 905523 INFO 
Testing intervention 3/4: angle (CM score)
2025-07-22 18:50:40,913 905523 INFO testing intervention: angle
2025-07-22 18:50:41,886 905523 INFO Episode 1: reward=3.081, length=501, success=False
2025-07-22 18:50:42,835 905523 INFO Episode 2: reward=-2.419, length=501, success=False
2025-07-22 18:50:43,768 905523 INFO Episode 3: reward=3.793, length=501, success=False
2025-07-22 18:50:50,370 905523 INFO Results: avg_reward=1.703, success_rate=0.000, avg_length=501.0
2025-07-22 18:50:50,371 905523 INFO 
Testing intervention 4/4: random (CM score)
2025-07-22 18:51:00,968 905523 INFO testing intervention: random
2025-07-22 18:51:01,912 905523 INFO Episode 1: reward=5.296, length=501, success=False
2025-07-22 18:51:02,835 905523 INFO Episode 2: reward=1.575, length=501, success=False
2025-07-22 18:51:03,780 905523 INFO Episode 3: reward=5.652, length=501, success=False
2025-07-22 18:51:09,570 905523 INFO Results: avg_reward=2.484, success_rate=0.100, avg_length=454.1
2025-07-22 18:51:09,571 905523 INFO [Stage 4] goal         | reward=1.22 (norm 0.000) | CM=1.606 (norm 0.156) | α=0.50 → unified=0.078
2025-07-22 18:51:09,572 905523 INFO [Stage 4] mass         | reward=2.28 (norm 0.838) | CM=2.029 (norm 1.000) | α=0.50 → unified=0.919
2025-07-22 18:51:09,572 905523 INFO [Stage 4] angle        | reward=1.70 (norm 0.384) | CM=1.589 (norm 0.121) | α=0.50 → unified=0.253
2025-07-22 18:51:09,572 905523 INFO [Stage 4] random       | reward=2.48 (norm 1.000) | CM=1.528 (norm 0.000) | α=0.50 → unified=0.500
2025-07-22 18:51:09,572 905523 INFO Best intervention for stage 4: mass (Unified score: 0.9191)
2025-07-22 18:51:09,572 905523 INFO === stage 4/7: training on mass intervention ===
2025-07-22 18:55:42,266 905523 INFO model saved to cm_sequencing_logs/model_stage_4_mass
2025-07-22 18:55:42,267 905523 INFO 
Completed stage 4. Intervention 'mass' removed from list.
2025-07-22 18:55:42,268 905523 INFO Remaining interventions: 3
2025-07-22 18:55:42,268 905523 INFO CURRICULUM STAGE 5/7
2025-07-22 18:55:42,268 905523 INFO Remaining interventions: ['goal', 'angle', 'random']
2025-07-22 18:55:42,268 905523 INFO 
Testing intervention 1/3: goal (CM score)
2025-07-22 18:55:53,086 905523 INFO testing intervention: goal
2025-07-22 18:55:54,033 905523 INFO Episode 1: reward=-0.308, length=501, success=False
2025-07-22 18:55:55,038 905523 INFO Episode 2: reward=-5.494, length=501, success=False
2025-07-22 18:55:55,963 905523 INFO Episode 3: reward=1.385, length=501, success=False
2025-07-22 18:56:01,998 905523 INFO Results: avg_reward=0.756, success_rate=0.100, avg_length=453.5
2025-07-22 18:56:02,000 905523 INFO 
Testing intervention 2/3: angle (CM score)
2025-07-22 18:56:11,027 905523 INFO testing intervention: angle
2025-07-22 18:56:11,977 905523 INFO Episode 1: reward=-0.203, length=501, success=False
2025-07-22 18:56:12,998 905523 INFO Episode 2: reward=1.619, length=501, success=False
2025-07-22 18:56:14,016 905523 INFO Episode 3: reward=-0.147, length=501, success=False
2025-07-22 18:56:20,945 905523 INFO Results: avg_reward=0.064, success_rate=0.000, avg_length=501.0
2025-07-22 18:56:20,947 905523 INFO 
Testing intervention 3/3: random (CM score)
2025-07-22 18:56:31,748 905523 INFO testing intervention: random
2025-07-22 18:56:32,790 905523 INFO Episode 1: reward=-4.686, length=501, success=False
2025-07-22 18:56:33,790 905523 INFO Episode 2: reward=-1.953, length=501, success=False
2025-07-22 18:56:34,777 905523 INFO Episode 3: reward=2.217, length=501, success=False
2025-07-22 18:56:41,583 905523 INFO Results: avg_reward=0.894, success_rate=0.000, avg_length=501.0
2025-07-22 18:56:41,585 905523 INFO [Stage 5] goal         | reward=0.76 (norm 0.834) | CM=1.668 (norm 0.000) | α=0.50 → unified=0.417
2025-07-22 18:56:41,585 905523 INFO [Stage 5] angle        | reward=0.06 (norm 0.000) | CM=1.848 (norm 0.366) | α=0.50 → unified=0.183
2025-07-22 18:56:41,585 905523 INFO [Stage 5] random       | reward=0.89 (norm 1.000) | CM=2.159 (norm 1.000) | α=0.50 → unified=1.000
2025-07-22 18:56:41,585 905523 INFO Best intervention for stage 5: random (Unified score: 1.0000)
2025-07-22 18:56:41,585 905523 INFO === stage 5/7: training on random intervention ===
2025-07-22 19:01:15,728 905523 INFO model saved to cm_sequencing_logs/model_stage_5_random
2025-07-22 19:01:15,730 905523 INFO 
Completed stage 5. Intervention 'random' removed from list.
2025-07-22 19:01:15,730 905523 INFO Remaining interventions: 2
2025-07-22 19:01:15,730 905523 INFO CURRICULUM STAGE 6/7
2025-07-22 19:01:15,731 905523 INFO Remaining interventions: ['goal', 'angle']
2025-07-22 19:01:15,731 905523 INFO 
Testing intervention 1/2: goal (CM score)
2025-07-22 19:01:24,672 905523 INFO testing intervention: goal
2025-07-22 19:01:25,614 905523 INFO Episode 1: reward=1.779, length=501, success=False
2025-07-22 19:01:26,542 905523 INFO Episode 2: reward=0.213, length=501, success=False
2025-07-22 19:01:27,526 905523 INFO Episode 3: reward=-0.340, length=501, success=False
2025-07-22 19:01:34,163 905523 INFO Results: avg_reward=1.340, success_rate=0.000, avg_length=501.0
2025-07-22 19:01:34,165 905523 INFO 
Testing intervention 2/2: angle (CM score)
2025-07-22 19:01:44,771 905523 INFO testing intervention: angle
2025-07-22 19:01:44,999 905523 INFO Episode 1: reward=1.192, length=92, success=True
2025-07-22 19:01:46,000 905523 INFO Episode 2: reward=-3.563, length=501, success=False
2025-07-22 19:01:46,124 905523 INFO Episode 3: reward=-1.156, length=39, success=True
2025-07-22 19:01:50,302 905523 INFO Results: avg_reward=-1.148, success_rate=0.500, avg_length=273.5
2025-07-22 19:01:50,304 905523 INFO [Stage 6] goal         | reward=1.34 (norm 1.000) | CM=1.785 (norm 1.000) | α=0.50 → unified=1.000
2025-07-22 19:01:50,304 905523 INFO [Stage 6] angle        | reward=-1.15 (norm 0.000) | CM=1.549 (norm 0.000) | α=0.50 → unified=0.000
2025-07-22 19:01:50,305 905523 INFO Best intervention for stage 6: goal (Unified score: 1.0000)
2025-07-22 19:01:50,305 905523 INFO === stage 6/7: training on goal intervention ===
2025-07-22 19:29:54,674 905523 INFO model saved to cm_sequencing_logs/model_stage_6_goal
2025-07-22 19:29:54,676 905523 INFO 
Completed stage 6. Intervention 'goal' removed from list.
2025-07-22 19:29:54,676 905523 INFO Remaining interventions: 1
2025-07-22 19:29:54,676 905523 INFO CURRICULUM STAGE 7/7
2025-07-22 19:29:54,677 905523 INFO Remaining interventions: ['angle']
2025-07-22 19:29:54,677 905523 INFO 
Testing intervention 1/1: angle (CM score)
2025-07-22 19:30:04,039 905523 INFO testing intervention: angle
2025-07-22 19:30:05,164 905523 INFO Episode 1: reward=-3.348, length=501, success=False
2025-07-22 19:30:05,329 905523 INFO Episode 2: reward=0.843, length=61, success=True
2025-07-22 19:30:06,343 905523 INFO Episode 3: reward=-0.841, length=501, success=False
2025-07-22 19:30:13,091 905523 INFO Results: avg_reward=-0.599, success_rate=0.100, avg_length=457.0
2025-07-22 19:30:13,093 905523 INFO [Stage 7] angle        | reward=-0.60 (norm 0.000) | CM=1.597 (norm 0.000) | α=0.50 → unified=0.000
2025-07-22 19:30:13,093 905523 INFO Best intervention for stage 7: angle (Unified score: 0.0000)
2025-07-22 19:30:13,093 905523 INFO === stage 7/7: training on angle intervention ===
2025-07-22 19:34:52,118 905523 INFO model saved to cm_sequencing_logs/model_stage_7_angle
2025-07-22 19:34:52,120 905523 INFO 
Completed stage 7. Intervention 'angle' removed from list.
2025-07-22 19:34:52,120 905523 INFO Remaining interventions: 0
2025-07-22 19:34:59,517 905523 INFO SB3 training curves saved to cm_sequencing_logs/plots/training_curves_sb3.png
2025-07-22 19:34:59,518 905523 INFO ===final evaluation===
2025-07-22 19:35:15,138 905523 INFO episode 16: reward=-1.851, length=501, success=True
2025-07-22 19:35:16,111 905523 INFO episode 17: reward=-1.851, length=501, success=True
2025-07-22 19:35:17,089 905523 INFO episode 18: reward=-1.851, length=501, success=True
2025-07-22 19:35:18,064 905523 INFO episode 19: reward=-1.851, length=501, success=True
2025-07-22 19:35:19,039 905523 INFO episode 20: reward=-1.851, length=501, success=True
2025-07-22 19:35:19,040 905523 INFO Final performance
2025-07-22 19:35:19,040 905523 INFO average reward: -1.851 +/- 0.000
2025-07-22 19:35:19,041 905523 INFO success rate: 1.000
2025-07-22 19:35:19,041 905523 INFO average episode length: 501.0
2025-07-22 19:35:19,041 905523 INFO curriculum sequencing completed
2025-07-22 19:35:19,041 905523 INFO sequence order:
2025-07-22 19:35:19,041 905523 INFO 1. position (test_reward: 1.162)
2025-07-22 19:35:19,041 905523 INFO 2. friction (test_reward: 4.476)
2025-07-22 19:35:19,041 905523 INFO 3. visual (test_reward: 5.350)
2025-07-22 19:35:19,041 905523 INFO 4. mass (test_reward: 2.279)
2025-07-22 19:35:19,041 905523 INFO 5. random (test_reward: 0.894)
2025-07-22 19:35:19,042 905523 INFO 6. goal (test_reward: 1.340)
2025-07-22 19:35:19,042 905523 INFO 7. angle (test_reward: -0.599)
2025-07-22 19:35:19,042 905523 INFO 
performance comparison
2025-07-22 19:35:19,042 905523 INFO initial: 3.394 reward, 1.000 success
2025-07-22 19:35:19,042 905523 INFO final: -1.851 reward, 1.000 success
2025-07-22 19:35:19,042 905523 INFO improvement: -5.245 reward
2025-07-22 19:35:19,055 905523 INFO Final model saved to cm_sequencing_logs/final_model_after_sequencing.zip
2025-07-22 19:35:19,056 905523 INFO results saved to cm_sequencing_logs/sequencing_results.json
2025-07-22 19:35:22,600 905523 INFO 
First phase of evaluation:
2025-07-22 19:35:23,053 905523 INFO episode 1: reward = 3.02, success = 3
2025-07-22 19:35:23,548 905523 INFO episode 2: reward = 3.02, success = 3
2025-07-22 19:35:24,039 905523 INFO episode 3: reward = 3.02, success = 3
2025-07-22 19:35:24,528 905523 INFO episode 4: reward = 3.02, success = 3
2025-07-22 19:35:25,017 905523 INFO episode 5: reward = 3.02, success = 3
2025-07-22 19:35:25,508 905523 INFO episode 6: reward = 3.02, success = 3
2025-07-22 19:35:25,999 905523 INFO episode 7: reward = 3.02, success = 3
2025-07-22 19:35:26,487 905523 INFO episode 8: reward = 3.02, success = 3
2025-07-22 19:35:26,975 905523 INFO episode 9: reward = 3.02, success = 3
2025-07-22 19:35:27,465 905523 INFO episode 10: reward = 3.02, success = 3
2025-07-22 19:35:27,465 905523 INFO 
mean reward: 3.02
2025-07-22 19:35:27,465 905523 INFO mean success rate: 3.00
2025-07-22 19:35:27,465 905523 INFO 
Generating benchmark evaluation and visualization...
2025-07-22 19:35:27,521 905523 INFO Applying the following protocol now, P0
2025-07-22 19:35:46,492 905523 INFO Applying the following protocol now, P1
2025-07-22 19:36:04,916 905523 INFO Applying the following protocol now, P2
2025-07-22 19:36:23,564 905523 INFO Applying the following protocol now, P3
2025-07-22 19:36:42,336 905523 INFO Applying the following protocol now, P4
2025-07-22 19:37:00,634 905523 INFO Applying the following protocol now, P5
2025-07-22 19:37:19,679 905523 INFO Applying the following protocol now, P6
2025-07-22 19:37:38,260 905523 INFO Applying the following protocol now, P7
2025-07-22 19:37:56,485 905523 INFO Applying the following protocol now, P8
2025-07-22 19:38:15,260 905523 INFO Applying the following protocol now, P9
2025-07-22 19:38:33,677 905523 INFO Applying the following protocol now, P10
2025-07-22 19:38:52,441 905523 INFO Applying the following protocol now, P11
2025-07-22 19:39:10,930 905523 INFO 
Evaluation Results:
2025-07-22 19:39:10,930 905523 INFO {'P0': {'mean_full_integrated_fractional_success': 0.10511388045174574, 'std_full_integrated_fractional_success': 0.0, 'mean_last_integrated_fractional_success': 0.1033899892394358, 'std_last_integrated_fractional_success': 0.0, 'mean_last_fractional_success': 0.10883147650275636, 'std_last_fractional_success': 0.0, 'total_intervention_steps': 1, 'total_interventions': 0, 'total_timesteps': 0, 'total_resets': 0}, 'P1': {'mean_full_integrated_fractional_success': 0.32482002207277416, 'std_full_integrated_fractional_success': 0.0, 'mean_last_integrated_fractional_success': 0.0, 'std_last_integrated_fractional_success': 0.0, 'mean_last_fractional_success': 0.0, 'std_last_fractional_success': 0.0, 'total_intervention_steps': 2, 'total_interventions': 1, 'total_timesteps': 834, 'total_resets': 1}, 'P2': {'mean_full_integrated_fractional_success': 0.2063294762778713, 'std_full_integrated_fractional_success': 0.0, 'mean_last_integrated_fractional_success': 0.08740876316319932, 'std_last_integrated_fractional_success': 0.0, 'mean_last_fractional_success': 0.09200621316141663, 'std_last_fractional_success': 0.0, 'total_intervention_steps': 3, 'total_interventions': 2, 'total_timesteps': 1668, 'total_resets': 2}, 'P3': {'mean_full_integrated_fractional_success': 0.15848849113084548, 'std_full_integrated_fractional_success': 0.0, 'mean_last_integrated_fractional_success': 0.03281099885041815, 'std_last_integrated_fractional_success': 0.0, 'mean_last_fractional_success': 0.03453176388858484, 'std_last_fractional_success': 0.0, 'total_intervention_steps': 4, 'total_interventions': 3, 'total_timesteps': 2502, 'total_resets': 3}, 'P4': {'mean_full_integrated_fractional_success': 0.13783312598095282, 'std_full_integrated_fractional_success': 0.0, 'mean_last_integrated_fractional_success': 0.026947389708514773, 'std_last_integrated_fractional_success': 0.0, 'mean_last_fractional_success': 0.0, 'std_last_fractional_success': 0.0, 'total_intervention_steps': 5, 'total_interventions': 4, 'total_timesteps': 3336, 'total_resets': 4}, 'P5': {'mean_full_integrated_fractional_success': 0.22850034643993478, 'std_full_integrated_fractional_success': 0.0, 'mean_last_integrated_fractional_success': 0.0, 'std_last_integrated_fractional_success': 0.0, 'mean_last_fractional_success': 0.0, 'std_last_fractional_success': 0.0, 'total_intervention_steps': 6, 'total_interventions': 5, 'total_timesteps': 4170, 'total_resets': 5}, 'P6': {'mean_full_integrated_fractional_success': 0.0, 'std_full_integrated_fractional_success': 0.0, 'mean_last_integrated_fractional_success': 0.0, 'std_last_integrated_fractional_success': 0.0, 'mean_last_fractional_success': 0.0, 'std_last_fractional_success': 0.0, 'total_intervention_steps': 7, 'total_interventions': 7, 'total_timesteps': 5004, 'total_resets': 6}, 'P7': {'mean_full_integrated_fractional_success': 0.24027325700109764, 'std_full_integrated_fractional_success': 0.0, 'mean_last_integrated_fractional_success': 0.02497651314047315, 'std_last_integrated_fractional_success': 0.0, 'mean_last_fractional_success': 0.0, 'std_last_fractional_success': 0.0, 'total_intervention_steps': 8, 'total_interventions': 9, 'total_timesteps': 5838, 'total_resets': 7}, 'P8': {'mean_full_integrated_fractional_success': 0.37269862490719224, 'std_full_integrated_fractional_success': 0.0, 'mean_last_integrated_fractional_success': 0.9384648887426298, 'std_last_integrated_fractional_success': 0.0, 'mean_last_fractional_success': 0.9804256632016549, 'std_last_fractional_success': 0.0, 'total_intervention_steps': 9, 'total_interventions': 11, 'total_timesteps': 6672, 'total_resets': 8}, 'P9': {'mean_full_integrated_fractional_success': 0.07685366957902696, 'std_full_integrated_fractional_success': 0.0, 'mean_last_integrated_fractional_success': 0.007060000420803829, 'std_last_integrated_fractional_success': 0.0, 'mean_last_fractional_success': 0.0, 'std_last_fractional_success': 0.0, 'total_intervention_steps': 10, 'total_interventions': 14, 'total_timesteps': 7506, 'total_resets': 9}, 'P10': {'mean_full_integrated_fractional_success': 0.19958088950373443, 'std_full_integrated_fractional_success': 0.0, 'mean_last_integrated_fractional_success': 0.0, 'std_last_integrated_fractional_success': 0.0, 'mean_last_fractional_success': 0.0, 'std_last_fractional_success': 0.0, 'total_intervention_steps': 11, 'total_interventions': 32, 'total_timesteps': 8340, 'total_resets': 10}, 'P11': {'mean_full_integrated_fractional_success': 0.3340288752940727, 'std_full_integrated_fractional_success': 0.0, 'mean_last_integrated_fractional_success': 0.25345038459594016, 'std_last_integrated_fractional_success': 0.0, 'mean_last_fractional_success': 0.26678985306627645, 'std_last_fractional_success': 0.0, 'total_intervention_steps': 12, 'total_interventions': 50, 'total_timesteps': 9174, 'total_resets': 11}}
2025-07-22 19:39:10,931 905523 INFO final evals saved to cm_sequencing_logs/benchmark_results.json
