2025-07-21 13:18:57,427 3053637 INFO Starting highest reward-first sequencing with args: Namespace(curriculum_mode='greedy', eval=True, log_dir='greedy_sequencing_logs', pretrained_path=None, seed=0, skip_frame=3, task='pushing', test_episodes=10, timesteps=50000, train=True, use_wandb=True)
2025-07-21 13:19:00,648 3053637 INFO [PRETRAINED] Using pretrained model path: ppo_pushing_sb3/final_model.zip
2025-07-21 13:19:00,650 3053637 INFO Starting with 7 interventions
2025-07-21 13:19:00,650 3053637 INFO ===final evaluation===
2025-07-21 13:19:11,191 3053637 INFO Final performance
2025-07-21 13:19:11,192 3053637 INFO average reward: 3.394 +/- 0.000
2025-07-21 13:19:11,192 3053637 INFO success rate: 1.000
2025-07-21 13:19:11,192 3053637 INFO average episode length: 501.0
2025-07-21 13:19:11,192 3053637 INFO initial performance: {'avg_reward': 3.393721938342554, 'reward_std': 4.440892098500626e-16, 'avg_length': 501.0, 'success_rate': 1.0, 'total_episodes': 10}
2025-07-21 13:19:11,192 3053637 INFO CURRICULUM STAGE 1/7
2025-07-21 13:19:11,192 3053637 INFO Remaining interventions: ['goal', 'mass', 'friction', 'visual', 'position', 'angle', 'random']
2025-07-21 13:19:11,193 3053637 INFO 
Testing intervention 1/7: goal
2025-07-21 13:19:11,193 3053637 INFO testing intervention: goal
2025-07-21 13:19:12,198 3053637 INFO Episode 1: reward=1.142, length=501, success=False
2025-07-21 13:19:13,222 3053637 INFO Episode 2: reward=3.633, length=501, success=False
2025-07-21 13:19:14,218 3053637 INFO Episode 3: reward=0.114, length=501, success=False
2025-07-21 13:19:19,424 3053637 INFO Results: avg_reward=0.689, success_rate=0.200, avg_length=404.9
2025-07-21 13:19:19,424 3053637 INFO 
Testing intervention 2/7: mass
2025-07-21 13:19:19,424 3053637 INFO testing intervention: mass
2025-07-21 13:19:19,544 3053637 INFO Episode 1: reward=-0.941, length=29, success=True
2025-07-21 13:19:19,656 3053637 INFO Episode 2: reward=-0.238, length=31, success=True
2025-07-21 13:19:19,769 3053637 INFO Episode 3: reward=-0.135, length=33, success=True
2025-07-21 13:19:20,554 3053637 INFO Results: avg_reward=-0.601, success_rate=1.000, avg_length=32.0
2025-07-21 13:19:20,554 3053637 INFO 
Testing intervention 3/7: friction
2025-07-21 13:19:20,555 3053637 INFO testing intervention: friction
2025-07-21 13:19:20,668 3053637 INFO Episode 1: reward=-0.879, length=28, success=True
2025-07-21 13:19:20,772 3053637 INFO Episode 2: reward=-0.771, length=27, success=True
2025-07-21 13:19:20,877 3053637 INFO Episode 3: reward=-0.880, length=28, success=True
2025-07-21 13:19:21,605 3053637 INFO Results: avg_reward=-0.864, success_rate=1.000, avg_length=27.8
2025-07-21 13:19:21,606 3053637 INFO 
Testing intervention 4/7: visual
2025-07-21 13:19:21,606 3053637 INFO testing intervention: visual
2025-07-21 13:19:21,718 3053637 INFO Episode 1: reward=-0.773, length=27, success=True
2025-07-21 13:19:21,824 3053637 INFO Episode 2: reward=-0.773, length=27, success=True
2025-07-21 13:19:21,928 3053637 INFO Episode 3: reward=-0.773, length=27, success=True
2025-07-21 13:19:22,652 3053637 INFO Results: avg_reward=-0.773, success_rate=1.000, avg_length=27.0
2025-07-21 13:19:22,652 3053637 INFO 
Testing intervention 5/7: position
2025-07-21 13:19:22,653 3053637 INFO testing intervention: position
2025-07-21 13:19:23,713 3053637 INFO Episode 1: reward=3.211, length=501, success=False
2025-07-21 13:19:24,622 3053637 INFO Episode 2: reward=-0.934, length=501, success=False
2025-07-21 13:19:25,646 3053637 INFO Episode 3: reward=3.141, length=501, success=False
2025-07-21 13:19:31,735 3053637 INFO Results: avg_reward=1.416, success_rate=0.100, avg_length=453.5
2025-07-21 13:19:31,736 3053637 INFO 
Testing intervention 6/7: angle
2025-07-21 13:19:31,736 3053637 INFO testing intervention: angle
2025-07-21 13:19:32,810 3053637 INFO Episode 1: reward=3.141, length=501, success=False
2025-07-21 13:19:33,808 3053637 INFO Episode 2: reward=0.596, length=501, success=False
2025-07-21 13:19:34,923 3053637 INFO Episode 3: reward=-0.332, length=501, success=False
2025-07-21 13:19:42,151 3053637 INFO Results: avg_reward=1.149, success_rate=0.000, avg_length=501.0
2025-07-21 13:19:42,151 3053637 INFO 
Testing intervention 7/7: random
2025-07-21 13:19:42,152 3053637 INFO testing intervention: random
2025-07-21 13:19:43,166 3053637 INFO Episode 1: reward=-1.810, length=501, success=False
2025-07-21 13:19:43,315 3053637 INFO Episode 2: reward=2.295, length=49, success=True
2025-07-21 13:19:44,310 3053637 INFO Episode 3: reward=3.054, length=501, success=False
2025-07-21 13:19:51,415 3053637 INFO Results: avg_reward=1.108, success_rate=0.100, avg_length=455.8
2025-07-21 13:19:51,415 3053637 INFO best intervention for stage 1: position
2025-07-21 13:19:51,415 3053637 INFO average reward: 1.416
2025-07-21 13:19:51,415 3053637 INFO success rate: 0.100
2025-07-21 13:19:51,416 3053637 INFO average length: 453.5
2025-07-21 13:19:51,416 3053637 INFO === stage 1/7: training on position intervention ===
2025-07-21 13:25:12,154 3053637 INFO model saved to greedy_sequencing_logs/model_stage_1_position
2025-07-21 13:25:12,156 3053637 INFO 
Completed stage 1. Intervention 'position' removed from list.
2025-07-21 13:25:12,156 3053637 INFO Remaining interventions: 6
2025-07-21 13:25:12,156 3053637 INFO CURRICULUM STAGE 2/7
2025-07-21 13:25:12,156 3053637 INFO Remaining interventions: ['goal', 'mass', 'friction', 'visual', 'angle', 'random']
2025-07-21 13:25:12,157 3053637 INFO 
Testing intervention 1/6: goal
2025-07-21 13:25:12,157 3053637 INFO testing intervention: goal
2025-07-21 13:25:13,317 3053637 INFO Episode 1: reward=5.052, length=501, success=False
2025-07-21 13:25:14,768 3053637 INFO Episode 2: reward=1.109, length=501, success=False
2025-07-21 13:25:15,887 3053637 INFO Episode 3: reward=-2.562, length=501, success=False
2025-07-21 13:25:22,744 3053637 INFO Results: avg_reward=1.510, success_rate=0.100, avg_length=453.6
2025-07-21 13:25:22,745 3053637 INFO 
Testing intervention 2/6: mass
2025-07-21 13:25:22,745 3053637 INFO testing intervention: mass
2025-07-21 13:25:23,823 3053637 INFO Episode 1: reward=2.126, length=501, success=False
2025-07-21 13:25:24,897 3053637 INFO Episode 2: reward=0.176, length=501, success=False
2025-07-21 13:25:25,976 3053637 INFO Episode 3: reward=2.063, length=501, success=False
2025-07-21 13:25:30,996 3053637 INFO Results: avg_reward=0.819, success_rate=0.300, avg_length=360.2
2025-07-21 13:25:30,997 3053637 INFO 
Testing intervention 3/6: friction
2025-07-21 13:25:30,997 3053637 INFO testing intervention: friction
2025-07-21 13:25:31,137 3053637 INFO Episode 1: reward=-1.690, length=31, success=True
2025-07-21 13:25:31,266 3053637 INFO Episode 2: reward=-1.689, length=31, success=True
2025-07-21 13:25:31,391 3053637 INFO Episode 3: reward=-1.689, length=31, success=True
2025-07-21 13:25:32,266 3053637 INFO Results: avg_reward=-1.689, success_rate=1.000, avg_length=31.0
2025-07-21 13:25:32,268 3053637 INFO 
Testing intervention 4/6: visual
2025-07-21 13:25:32,268 3053637 INFO testing intervention: visual
2025-07-21 13:25:32,413 3053637 INFO Episode 1: reward=-1.689, length=31, success=True
2025-07-21 13:25:32,538 3053637 INFO Episode 2: reward=-1.689, length=31, success=True
2025-07-21 13:25:32,667 3053637 INFO Episode 3: reward=-1.689, length=31, success=True
2025-07-21 13:25:33,564 3053637 INFO Results: avg_reward=-1.689, success_rate=1.000, avg_length=31.0
2025-07-21 13:25:33,565 3053637 INFO 
Testing intervention 5/6: angle
2025-07-21 13:25:33,565 3053637 INFO testing intervention: angle
2025-07-21 13:25:34,737 3053637 INFO Episode 1: reward=-0.030, length=501, success=False
2025-07-21 13:25:35,908 3053637 INFO Episode 2: reward=-0.813, length=501, success=False
2025-07-21 13:25:37,065 3053637 INFO Episode 3: reward=5.418, length=501, success=False
2025-07-21 13:25:43,774 3053637 INFO Results: avg_reward=0.919, success_rate=0.100, avg_length=462.7
2025-07-21 13:25:43,775 3053637 INFO 
Testing intervention 6/6: random
2025-07-21 13:25:43,775 3053637 INFO testing intervention: random
2025-07-21 13:25:44,887 3053637 INFO Episode 1: reward=-1.322, length=501, success=False
2025-07-21 13:25:45,918 3053637 INFO Episode 2: reward=-2.919, length=501, success=False
2025-07-21 13:25:47,053 3053637 INFO Episode 3: reward=-3.151, length=501, success=False
2025-07-21 13:25:55,245 3053637 INFO Results: avg_reward=-1.416, success_rate=0.000, avg_length=501.0
2025-07-21 13:25:55,246 3053637 INFO best intervention for stage 2: goal
2025-07-21 13:25:55,246 3053637 INFO average reward: 1.510
2025-07-21 13:25:55,247 3053637 INFO success rate: 0.100
2025-07-21 13:25:55,247 3053637 INFO average length: 453.6
2025-07-21 13:25:55,247 3053637 INFO === stage 2/7: training on goal intervention ===
2025-07-21 13:31:28,952 3053637 INFO model saved to greedy_sequencing_logs/model_stage_2_goal
2025-07-21 13:31:28,954 3053637 INFO 
Completed stage 2. Intervention 'goal' removed from list.
2025-07-21 13:31:28,954 3053637 INFO Remaining interventions: 5
2025-07-21 13:31:28,954 3053637 INFO CURRICULUM STAGE 3/7
2025-07-21 13:31:28,955 3053637 INFO Remaining interventions: ['mass', 'friction', 'visual', 'angle', 'random']
2025-07-21 13:31:28,955 3053637 INFO 
Testing intervention 1/5: mass
2025-07-21 13:31:28,955 3053637 INFO testing intervention: mass
2025-07-21 13:31:30,081 3053637 INFO Episode 1: reward=-2.753, length=501, success=False
2025-07-21 13:31:31,237 3053637 INFO Episode 2: reward=4.380, length=501, success=False
2025-07-21 13:31:32,390 3053637 INFO Episode 3: reward=3.669, length=501, success=False
2025-07-21 13:31:38,150 3053637 INFO Results: avg_reward=1.806, success_rate=0.200, avg_length=407.3
2025-07-21 13:31:38,150 3053637 INFO 
Testing intervention 2/5: friction
2025-07-21 13:31:38,151 3053637 INFO testing intervention: friction
2025-07-21 13:31:39,210 3053637 INFO Episode 1: reward=2.502, length=501, success=False
2025-07-21 13:31:40,257 3053637 INFO Episode 2: reward=2.025, length=501, success=False
2025-07-21 13:31:41,301 3053637 INFO Episode 3: reward=2.395, length=501, success=False
2025-07-21 13:31:48,875 3053637 INFO Results: avg_reward=2.279, success_rate=0.000, avg_length=501.0
2025-07-21 13:31:48,876 3053637 INFO 
Testing intervention 3/5: visual
2025-07-21 13:31:48,876 3053637 INFO testing intervention: visual
2025-07-21 13:31:50,040 3053637 INFO Episode 1: reward=2.059, length=501, success=False
2025-07-21 13:31:51,195 3053637 INFO Episode 2: reward=2.059, length=501, success=False
2025-07-21 13:31:52,350 3053637 INFO Episode 3: reward=2.059, length=501, success=False
2025-07-21 13:32:00,275 3053637 INFO Results: avg_reward=2.059, success_rate=0.000, avg_length=501.0
2025-07-21 13:32:00,275 3053637 INFO 
Testing intervention 4/5: angle
2025-07-21 13:32:00,276 3053637 INFO testing intervention: angle
2025-07-21 13:32:01,349 3053637 INFO Episode 1: reward=-0.263, length=501, success=False
2025-07-21 13:32:02,427 3053637 INFO Episode 2: reward=-4.911, length=501, success=False
2025-07-21 13:32:03,650 3053637 INFO Episode 3: reward=-4.114, length=501, success=False
2025-07-21 13:32:09,745 3053637 INFO Results: avg_reward=-1.492, success_rate=0.200, avg_length=432.1
2025-07-21 13:32:09,746 3053637 INFO 
Testing intervention 5/5: random
2025-07-21 13:32:09,746 3053637 INFO testing intervention: random
2025-07-21 13:32:10,947 3053637 INFO Episode 1: reward=-4.397, length=501, success=False
2025-07-21 13:32:12,095 3053637 INFO Episode 2: reward=6.032, length=501, success=False
2025-07-21 13:32:13,180 3053637 INFO Episode 3: reward=-2.866, length=501, success=False
2025-07-21 13:32:21,323 3053637 INFO Results: avg_reward=0.490, success_rate=0.000, avg_length=501.0
2025-07-21 13:32:21,324 3053637 INFO best intervention for stage 3: friction
2025-07-21 13:32:21,324 3053637 INFO average reward: 2.279
2025-07-21 13:32:21,324 3053637 INFO success rate: 0.000
2025-07-21 13:32:21,324 3053637 INFO average length: 501.0
2025-07-21 13:32:21,324 3053637 INFO === stage 3/7: training on friction intervention ===
2025-07-21 13:37:58,667 3053637 INFO model saved to greedy_sequencing_logs/model_stage_3_friction
2025-07-21 13:37:58,669 3053637 INFO 
Completed stage 3. Intervention 'friction' removed from list.
2025-07-21 13:37:58,669 3053637 INFO Remaining interventions: 4
2025-07-21 13:37:58,669 3053637 INFO CURRICULUM STAGE 4/7
2025-07-21 13:37:58,669 3053637 INFO Remaining interventions: ['mass', 'visual', 'angle', 'random']
2025-07-21 13:37:58,670 3053637 INFO 
Testing intervention 1/4: mass
2025-07-21 13:37:58,670 3053637 INFO testing intervention: mass
2025-07-21 13:38:00,082 3053637 INFO Episode 1: reward=0.619, length=501, success=False
2025-07-21 13:38:01,187 3053637 INFO Episode 2: reward=1.263, length=501, success=False
2025-07-21 13:38:02,270 3053637 INFO Episode 3: reward=1.592, length=501, success=False
2025-07-21 13:38:09,833 3053637 INFO Results: avg_reward=-0.232, success_rate=0.000, avg_length=501.0
2025-07-21 13:38:09,833 3053637 INFO 
Testing intervention 2/4: visual
2025-07-21 13:38:09,833 3053637 INFO testing intervention: visual
2025-07-21 13:38:11,094 3053637 INFO Episode 1: reward=1.632, length=501, success=False
2025-07-21 13:38:12,348 3053637 INFO Episode 2: reward=1.632, length=501, success=False
2025-07-21 13:38:13,603 3053637 INFO Episode 3: reward=1.632, length=501, success=False
2025-07-21 13:38:22,378 3053637 INFO Results: avg_reward=1.632, success_rate=0.000, avg_length=501.0
2025-07-21 13:38:22,378 3053637 INFO 
Testing intervention 3/4: angle
2025-07-21 13:38:22,378 3053637 INFO testing intervention: angle
2025-07-21 13:38:23,388 3053637 INFO Episode 1: reward=4.182, length=501, success=False
2025-07-21 13:38:24,477 3053637 INFO Episode 2: reward=0.318, length=501, success=False
2025-07-21 13:38:24,631 3053637 INFO Episode 3: reward=-0.886, length=50, success=True
2025-07-21 13:38:31,989 3053637 INFO Results: avg_reward=0.050, success_rate=0.100, avg_length=455.9
2025-07-21 13:38:31,990 3053637 INFO 
Testing intervention 4/4: random
2025-07-21 13:38:31,990 3053637 INFO testing intervention: random
2025-07-21 13:38:33,046 3053637 INFO Episode 1: reward=3.044, length=501, success=False
2025-07-21 13:38:34,129 3053637 INFO Episode 2: reward=4.161, length=501, success=False
2025-07-21 13:38:35,243 3053637 INFO Episode 3: reward=-0.946, length=501, success=False
2025-07-21 13:38:43,489 3053637 INFO Results: avg_reward=1.298, success_rate=0.000, avg_length=501.0
2025-07-21 13:38:43,489 3053637 INFO best intervention for stage 4: visual
2025-07-21 13:38:43,489 3053637 INFO average reward: 1.632
2025-07-21 13:38:43,490 3053637 INFO success rate: 0.000
2025-07-21 13:38:43,490 3053637 INFO average length: 501.0
2025-07-21 13:38:43,490 3053637 INFO === stage 4/7: training on visual intervention ===
2025-07-21 13:44:24,672 3053637 INFO model saved to greedy_sequencing_logs/model_stage_4_visual
2025-07-21 13:44:24,673 3053637 INFO 
Completed stage 4. Intervention 'visual' removed from list.
2025-07-21 13:44:24,673 3053637 INFO Remaining interventions: 3
2025-07-21 13:44:24,674 3053637 INFO CURRICULUM STAGE 5/7
2025-07-21 13:44:24,674 3053637 INFO Remaining interventions: ['mass', 'angle', 'random']
2025-07-21 13:44:24,674 3053637 INFO 
Testing intervention 1/3: mass
2025-07-21 13:44:24,674 3053637 INFO testing intervention: mass
2025-07-21 13:44:25,768 3053637 INFO Episode 1: reward=4.643, length=501, success=False
2025-07-21 13:44:26,830 3053637 INFO Episode 2: reward=4.508, length=501, success=False
2025-07-21 13:44:27,884 3053637 INFO Episode 3: reward=2.530, length=501, success=False
2025-07-21 13:44:34,246 3053637 INFO Results: avg_reward=2.017, success_rate=0.100, avg_length=458.4
2025-07-21 13:44:34,247 3053637 INFO 
Testing intervention 2/3: angle
2025-07-21 13:44:34,247 3053637 INFO testing intervention: angle
2025-07-21 13:44:35,242 3053637 INFO Episode 1: reward=3.677, length=501, success=False
2025-07-21 13:44:36,354 3053637 INFO Episode 2: reward=-4.187, length=501, success=False
2025-07-21 13:44:37,383 3053637 INFO Episode 3: reward=2.347, length=501, success=False
2025-07-21 13:44:43,423 3053637 INFO Results: avg_reward=-1.129, success_rate=0.200, avg_length=410.9
2025-07-21 13:44:43,424 3053637 INFO 
Testing intervention 3/3: random
2025-07-21 13:44:43,424 3053637 INFO testing intervention: random
2025-07-21 13:44:44,608 3053637 INFO Episode 1: reward=0.892, length=501, success=False
2025-07-21 13:44:44,946 3053637 INFO Episode 2: reward=0.437, length=133, success=True
2025-07-21 13:44:46,085 3053637 INFO Episode 3: reward=0.399, length=501, success=False
2025-07-21 13:44:53,579 3053637 INFO Results: avg_reward=0.612, success_rate=0.100, avg_length=464.2
2025-07-21 13:44:53,580 3053637 INFO best intervention for stage 5: mass
2025-07-21 13:44:53,580 3053637 INFO average reward: 2.017
2025-07-21 13:44:53,580 3053637 INFO success rate: 0.100
2025-07-21 13:44:53,580 3053637 INFO average length: 458.4
2025-07-21 13:44:53,580 3053637 INFO === stage 5/7: training on mass intervention ===
2025-07-21 13:50:36,180 3053637 INFO model saved to greedy_sequencing_logs/model_stage_5_mass
2025-07-21 13:50:36,182 3053637 INFO 
Completed stage 5. Intervention 'mass' removed from list.
2025-07-21 13:50:36,182 3053637 INFO Remaining interventions: 2
2025-07-21 13:50:36,182 3053637 INFO CURRICULUM STAGE 6/7
2025-07-21 13:50:36,183 3053637 INFO Remaining interventions: ['angle', 'random']
2025-07-21 13:50:36,183 3053637 INFO 
Testing intervention 1/2: angle
2025-07-21 13:50:36,183 3053637 INFO testing intervention: angle
2025-07-21 13:50:37,230 3053637 INFO Episode 1: reward=-3.249, length=501, success=False
2025-07-21 13:50:38,285 3053637 INFO Episode 2: reward=2.910, length=501, success=False
2025-07-21 13:50:39,279 3053637 INFO Episode 3: reward=1.508, length=501, success=False
2025-07-21 13:50:46,870 3053637 INFO Results: avg_reward=0.359, success_rate=0.000, avg_length=501.0
2025-07-21 13:50:46,871 3053637 INFO 
Testing intervention 2/2: random
2025-07-21 13:50:46,871 3053637 INFO testing intervention: random
2025-07-21 13:50:47,995 3053637 INFO Episode 1: reward=5.016, length=501, success=False
2025-07-21 13:50:49,107 3053637 INFO Episode 2: reward=-3.039, length=501, success=False
2025-07-21 13:50:50,282 3053637 INFO Episode 3: reward=-3.088, length=501, success=False
2025-07-21 13:50:57,199 3053637 INFO Results: avg_reward=0.574, success_rate=0.100, avg_length=457.7
2025-07-21 13:50:57,200 3053637 INFO best intervention for stage 6: random
2025-07-21 13:50:57,200 3053637 INFO average reward: 0.574
2025-07-21 13:50:57,200 3053637 INFO success rate: 0.100
2025-07-21 13:50:57,200 3053637 INFO average length: 457.7
2025-07-21 13:50:57,201 3053637 INFO === stage 6/7: training on random intervention ===
2025-07-21 13:56:44,055 3053637 INFO model saved to greedy_sequencing_logs/model_stage_6_random
2025-07-21 13:56:44,057 3053637 INFO 
Completed stage 6. Intervention 'random' removed from list.
2025-07-21 13:56:44,057 3053637 INFO Remaining interventions: 1
2025-07-21 13:56:44,058 3053637 INFO CURRICULUM STAGE 7/7
2025-07-21 13:56:44,058 3053637 INFO Remaining interventions: ['angle']
2025-07-21 13:56:44,058 3053637 INFO 
Testing intervention 1/1: angle
2025-07-21 13:56:44,058 3053637 INFO testing intervention: angle
2025-07-21 13:56:45,092 3053637 INFO Episode 1: reward=-1.881, length=501, success=False
2025-07-21 13:56:46,089 3053637 INFO Episode 2: reward=-1.381, length=501, success=False
2025-07-21 13:56:47,075 3053637 INFO Episode 3: reward=-1.459, length=501, success=False
2025-07-21 13:56:54,682 3053637 INFO Results: avg_reward=-2.337, success_rate=0.000, avg_length=501.0
2025-07-21 13:56:54,683 3053637 INFO best intervention for stage 7: angle
2025-07-21 13:56:54,683 3053637 INFO average reward: -2.337
2025-07-21 13:56:54,683 3053637 INFO success rate: 0.000
2025-07-21 13:56:54,683 3053637 INFO average length: 501.0
2025-07-21 13:56:54,683 3053637 INFO === stage 7/7: training on angle intervention ===
2025-07-21 14:02:10,873 3053637 INFO model saved to greedy_sequencing_logs/model_stage_7_angle
2025-07-21 14:02:10,874 3053637 INFO 
Completed stage 7. Intervention 'angle' removed from list.
2025-07-21 14:02:10,875 3053637 INFO Remaining interventions: 0
2025-07-21 14:02:18,509 3053637 INFO SB3 training curves saved to greedy_sequencing_logs/plots/training_curves_sb3.png
2025-07-21 14:02:18,510 3053637 INFO ===final evaluation===
2025-07-21 14:02:34,391 3053637 INFO episode 16: reward=-5.853, length=501, success=False
2025-07-21 14:02:35,377 3053637 INFO episode 17: reward=-5.853, length=501, success=False
2025-07-21 14:02:36,364 3053637 INFO episode 18: reward=-5.853, length=501, success=False
2025-07-21 14:02:37,357 3053637 INFO episode 19: reward=-5.853, length=501, success=False
2025-07-21 14:02:38,351 3053637 INFO episode 20: reward=-5.853, length=501, success=False
2025-07-21 14:02:38,352 3053637 INFO Final performance
2025-07-21 14:02:38,352 3053637 INFO average reward: -5.853 +/- 0.000
2025-07-21 14:02:38,353 3053637 INFO success rate: 0.000
2025-07-21 14:02:38,353 3053637 INFO average episode length: 501.0
2025-07-21 14:02:38,353 3053637 INFO curriculum sequencing completed
2025-07-21 14:02:38,353 3053637 INFO sequence order:
2025-07-21 14:02:38,353 3053637 INFO 1. position (test_reward: 1.416)
2025-07-21 14:02:38,353 3053637 INFO 2. goal (test_reward: 1.510)
2025-07-21 14:02:38,353 3053637 INFO 3. friction (test_reward: 2.279)
2025-07-21 14:02:38,353 3053637 INFO 4. visual (test_reward: 1.632)
2025-07-21 14:02:38,354 3053637 INFO 5. mass (test_reward: 2.017)
2025-07-21 14:02:38,354 3053637 INFO 6. random (test_reward: 0.574)
2025-07-21 14:02:38,354 3053637 INFO 7. angle (test_reward: -2.337)
2025-07-21 14:02:38,354 3053637 INFO 
performance comparison
2025-07-21 14:02:38,354 3053637 INFO initial: 3.394 reward, 1.000 success
2025-07-21 14:02:38,354 3053637 INFO final: -5.853 reward, 0.000 success
2025-07-21 14:02:38,354 3053637 INFO improvement: -9.246 reward
2025-07-21 14:02:38,367 3053637 INFO Final model saved to greedy_sequencing_logs/final_model_after_sequencing.zip
2025-07-21 14:02:38,367 3053637 INFO results saved to greedy_sequencing_logs/sequencing_results.json
2025-07-21 14:02:41,040 3053637 INFO 
First phase of evaluation:
2025-07-21 14:02:41,617 3053637 INFO episode 1: reward = -2.10, success = 0
2025-07-21 14:02:42,242 3053637 INFO episode 2: reward = -2.10, success = 0
2025-07-21 14:02:42,862 3053637 INFO episode 3: reward = -2.10, success = 0
2025-07-21 14:02:43,437 3053637 INFO episode 4: reward = -2.10, success = 0
2025-07-21 14:02:44,013 3053637 INFO episode 5: reward = -2.10, success = 0
2025-07-21 14:02:44,589 3053637 INFO episode 6: reward = -2.10, success = 0
2025-07-21 14:02:45,161 3053637 INFO episode 7: reward = -2.10, success = 0
2025-07-21 14:02:45,737 3053637 INFO episode 8: reward = -2.10, success = 0
2025-07-21 14:02:46,304 3053637 INFO episode 9: reward = -2.10, success = 0
2025-07-21 14:02:46,875 3053637 INFO episode 10: reward = -2.10, success = 0
2025-07-21 14:02:46,876 3053637 INFO 
mean reward: -2.10
2025-07-21 14:02:46,876 3053637 INFO mean success rate: 0.00
2025-07-21 14:02:46,876 3053637 INFO 
Generating benchmark evaluation and visualization...
2025-07-21 14:02:46,937 3053637 INFO Applying the following protocol now, P0
2025-07-21 14:03:20,150 3053637 INFO Applying the following protocol now, P1
2025-07-21 14:03:55,320 3053637 INFO Applying the following protocol now, P2
2025-07-21 14:04:40,704 3053637 INFO Applying the following protocol now, P3
2025-07-21 14:05:32,530 3053637 INFO Applying the following protocol now, P4
2025-07-21 14:06:18,335 3053637 INFO Applying the following protocol now, P5
2025-07-21 14:06:37,578 3053637 INFO Applying the following protocol now, P6
2025-07-21 14:06:56,665 3053637 INFO Applying the following protocol now, P7
2025-07-21 14:07:16,031 3053637 INFO Applying the following protocol now, P8
2025-07-21 14:07:35,408 3053637 INFO Applying the following protocol now, P9
2025-07-21 14:07:55,000 3053637 INFO Applying the following protocol now, P10
2025-07-21 14:08:14,768 3053637 INFO Applying the following protocol now, P11
2025-07-21 14:08:36,199 3053637 INFO 
Evaluation Results:
2025-07-21 14:08:36,199 3053637 INFO {'P0': {'mean_full_integrated_fractional_success': 0.0, 'std_full_integrated_fractional_success': 0.0, 'mean_last_integrated_fractional_success': 0.0, 'std_last_integrated_fractional_success': 0.0, 'mean_last_fractional_success': 0.0, 'std_last_fractional_success': 0.0, 'total_intervention_steps': 1, 'total_interventions': 0, 'total_timesteps': 0, 'total_resets': 0}, 'P1': {'mean_full_integrated_fractional_success': 0.0, 'std_full_integrated_fractional_success': 0.0, 'mean_last_integrated_fractional_success': 0.0, 'std_last_integrated_fractional_success': 0.0, 'mean_last_fractional_success': 0.0, 'std_last_fractional_success': 0.0, 'total_intervention_steps': 2, 'total_interventions': 1, 'total_timesteps': 834, 'total_resets': 1}, 'P2': {'mean_full_integrated_fractional_success': 0.3406511825635837, 'std_full_integrated_fractional_success': 0.0, 'mean_last_integrated_fractional_success': 0.5071064798924161, 'std_last_integrated_fractional_success': 0.0, 'mean_last_fractional_success': 0.5337962945978035, 'std_last_fractional_success': 0.0, 'total_intervention_steps': 3, 'total_interventions': 2, 'total_timesteps': 1668, 'total_resets': 2}, 'P3': {'mean_full_integrated_fractional_success': 0.0, 'std_full_integrated_fractional_success': 0.0, 'mean_last_integrated_fractional_success': 0.0, 'std_last_integrated_fractional_success': 0.0, 'mean_last_fractional_success': 0.0, 'std_last_fractional_success': 0.0, 'total_intervention_steps': 4, 'total_interventions': 3, 'total_timesteps': 2502, 'total_resets': 3}, 'P4': {'mean_full_integrated_fractional_success': 0.8630542778201615, 'std_full_integrated_fractional_success': 0.0, 'mean_last_integrated_fractional_success': 0.8527746161895831, 'std_last_integrated_fractional_success': 0.0, 'mean_last_fractional_success': 0.8692918149341388, 'std_last_fractional_success': 0.0, 'total_intervention_steps': 5, 'total_interventions': 4, 'total_timesteps': 3336, 'total_resets': 4}, 'P5': {'mean_full_integrated_fractional_success': 0.0, 'std_full_integrated_fractional_success': 0.0, 'mean_last_integrated_fractional_success': 0.0, 'std_last_integrated_fractional_success': 0.0, 'mean_last_fractional_success': 0.0, 'std_last_fractional_success': 0.0, 'total_intervention_steps': 6, 'total_interventions': 5, 'total_timesteps': 4170, 'total_resets': 5}, 'P6': {'mean_full_integrated_fractional_success': 0.0, 'std_full_integrated_fractional_success': 0.0, 'mean_last_integrated_fractional_success': 0.0, 'std_last_integrated_fractional_success': 0.0, 'mean_last_fractional_success': 0.0, 'std_last_fractional_success': 0.0, 'total_intervention_steps': 7, 'total_interventions': 7, 'total_timesteps': 5004, 'total_resets': 6}, 'P7': {'mean_full_integrated_fractional_success': 0.12871381606996224, 'std_full_integrated_fractional_success': 0.0, 'mean_last_integrated_fractional_success': 0.02497651314047315, 'std_last_integrated_fractional_success': 0.0, 'mean_last_fractional_success': 0.0, 'std_last_fractional_success': 0.0, 'total_intervention_steps': 8, 'total_interventions': 9, 'total_timesteps': 5838, 'total_resets': 7}, 'P8': {'mean_full_integrated_fractional_success': 0.5105392711820755, 'std_full_integrated_fractional_success': 0.0, 'mean_last_integrated_fractional_success': 0.42517257312644785, 'std_last_integrated_fractional_success': 0.0, 'mean_last_fractional_success': 0.4401183622174256, 'std_last_fractional_success': 0.0, 'total_intervention_steps': 9, 'total_interventions': 11, 'total_timesteps': 6672, 'total_resets': 8}, 'P9': {'mean_full_integrated_fractional_success': 0.41791667631677737, 'std_full_integrated_fractional_success': 0.0, 'mean_last_integrated_fractional_success': 0.3875636638513247, 'std_last_integrated_fractional_success': 0.0, 'mean_last_fractional_success': 0.40054540734979815, 'std_last_fractional_success': 0.0, 'total_intervention_steps': 10, 'total_interventions': 14, 'total_timesteps': 7506, 'total_resets': 9}, 'P10': {'mean_full_integrated_fractional_success': 0.00024354262563172304, 'std_full_integrated_fractional_success': 0.0, 'mean_last_integrated_fractional_success': 0.0, 'std_last_integrated_fractional_success': 0.0, 'mean_last_fractional_success': 0.0, 'std_last_fractional_success': 0.0, 'total_intervention_steps': 11, 'total_interventions': 32, 'total_timesteps': 8340, 'total_resets': 10}, 'P11': {'mean_full_integrated_fractional_success': 0.0, 'std_full_integrated_fractional_success': 0.0, 'mean_last_integrated_fractional_success': 0.0, 'std_last_integrated_fractional_success': 0.0, 'mean_last_fractional_success': 0.0, 'std_last_fractional_success': 0.0, 'total_intervention_steps': 12, 'total_interventions': 50, 'total_timesteps': 9174, 'total_resets': 11}}
2025-07-21 14:08:36,200 3053637 INFO final evals saved to greedy_sequencing_logs/benchmark_results.json
